TN:
SF:src\services\store.ts
FN:35,useDispatch
FNF:1
FNH:0
FNDA:0,useDispatch
DA:1,1
DA:2,1
DA:3,1
DA:4,1
DA:5,1
DA:6,1
DA:7,1
DA:8,1
DA:9,1
DA:10,1
DA:11,1
DA:12,1
DA:13,1
DA:14,1
DA:15,1
DA:16,1
DA:17,1
DA:18,1
DA:19,1
DA:20,1
DA:21,1
DA:22,1
DA:23,1
DA:24,1
DA:25,1
DA:26,1
DA:27,1
DA:28,1
DA:29,1
DA:30,1
DA:31,1
DA:32,1
DA:33,1
DA:34,1
DA:35,1
DA:36,1
DA:37,1
DA:38,1
DA:39,1
LF:39
LH:39
BRF:0
BRH:0
end_of_record
TN:
SF:src\services\slices\constructorSlice.ts
FN:20,reducer
FN:27,prepare
FN:34,removeIngredient
FN:39,moveIngredient
FN:53,resetConstructor
FNF:5
FNH:5
FNDA:2,reducer
FNDA:2,prepare
FNDA:1,removeIngredient
FNDA:1,moveIngredient
FNDA:1,resetConstructor
DA:1,1
DA:2,1
DA:3,1
DA:4,1
DA:5,1
DA:6,1
DA:7,1
DA:8,1
DA:9,1
DA:10,1
DA:11,1
DA:12,1
DA:13,1
DA:14,1
DA:15,1
DA:16,1
DA:17,1
DA:18,1
DA:19,1
DA:20,1
DA:21,2
DA:22,1
DA:23,1
DA:24,1
DA:25,1
DA:26,1
DA:27,1
DA:28,2
DA:29,2
DA:30,2
DA:31,2
DA:32,2
DA:33,1
DA:34,1
DA:35,1
DA:36,1
DA:37,1
DA:38,1
DA:39,1
DA:40,1
DA:41,1
DA:42,1
DA:43,1
DA:44,1
DA:45,1
DA:46,1
DA:47,1
DA:48,1
DA:49,1
DA:50,1
DA:51,1
DA:52,1
DA:53,1
DA:54,1
DA:55,1
DA:56,1
DA:57,1
DA:58,1
DA:59,1
DA:60,1
DA:61,1
DA:62,1
DA:63,1
DA:64,1
LF:64
LH:64
BRDA:20,0,0,2
BRDA:21,1,0,1
BRDA:27,2,0,2
BRDA:34,3,0,1
BRDA:37,4,0,3
BRDA:39,5,0,1
BRDA:53,6,0,1
BRF:7
BRH:7
end_of_record
TN:
SF:src\services\slices\feedSlice.ts
FN:2,i
FN:2,Generator
FN:2,GeneratorFunction
FN:2,GeneratorFunctionPrototype
FN:2,f
FN:2,_regenerator
FN:2,_regeneratorDefine2
FN:2,_regeneratorDefine
FN:2,o
FN:2,_OverloadYield
FN:2,asyncGeneratorStep
FN:2,_asyncToGenerator
FN:18,_callee
FN:27,extraReducers
FNF:14
FNH:7
FNDA:0,i
FNDA:0,Generator
FNDA:0,GeneratorFunction
FNDA:0,GeneratorFunctionPrototype
FNDA:4,f
FNDA:2,_regenerator
FNDA:2,_regeneratorDefine2
FNDA:20,_regeneratorDefine
FNDA:6,o
FNDA:0,_OverloadYield
FNDA:0,asyncGeneratorStep
FNDA:2,_asyncToGenerator
FNDA:0,_callee
FNDA:2,extraReducers
DA:1,1
DA:2,0
DA:3,1
DA:4,1
DA:5,1
DA:6,1
DA:7,1
DA:8,1
DA:9,1
DA:10,1
DA:11,1
DA:12,1
DA:13,1
DA:14,1
DA:15,1
DA:16,1
DA:17,1
DA:18,1
DA:19,0
DA:20,0
DA:21,1
DA:22,1
DA:23,1
DA:24,1
DA:25,1
DA:26,1
DA:27,1
DA:28,2
DA:29,2
DA:30,1
DA:31,1
DA:32,2
DA:33,2
DA:34,1
DA:35,1
DA:36,1
DA:37,1
DA:38,1
DA:39,2
DA:40,2
DA:41,1
DA:42,1
DA:43,2
DA:44,2
DA:45,1
DA:46,1
DA:47,1
LF:47
LH:44
BRDA:2,0,0,0
BRDA:2,1,0,0
BRDA:2,2,0,0
BRDA:2,3,0,0
BRDA:2,4,0,4
BRDA:2,5,0,0
BRDA:2,6,0,2
BRDA:2,7,0,2
BRDA:2,8,0,0
BRDA:2,9,0,20
BRDA:2,10,0,18
BRDA:2,11,0,0
BRDA:2,12,0,2
BRDA:2,13,0,6
BRDA:2,14,0,2
BRDA:27,15,0,2
BRDA:29,16,0,1
BRDA:33,17,0,1
BRDA:40,18,0,1
BRDA:42,19,0,0
BRF:20
BRH:12
end_of_record
TN:
SF:src\services\slices\ingredientsSlice.ts
FN:2,i
FN:2,Generator
FN:2,GeneratorFunction
FN:2,GeneratorFunctionPrototype
FN:2,f
FN:2,_regenerator
FN:2,_regeneratorDefine2
FN:2,_regeneratorDefine
FN:2,o
FN:2,_OverloadYield
FN:2,asyncGeneratorStep
FN:2,_asyncToGenerator
FN:19,_callee
FN:29,extraReducers
FNF:14
FNH:7
FNDA:0,i
FNDA:0,Generator
FNDA:0,GeneratorFunction
FNDA:0,GeneratorFunctionPrototype
FNDA:4,f
FNDA:2,_regenerator
FNDA:2,_regeneratorDefine2
FNDA:20,_regeneratorDefine
FNDA:6,o
FNDA:0,_OverloadYield
FNDA:0,asyncGeneratorStep
FNDA:2,_asyncToGenerator
FNDA:0,_callee
FNDA:2,extraReducers
DA:1,1
DA:2,0
DA:3,1
DA:4,1
DA:5,1
DA:6,1
DA:7,1
DA:8,1
DA:9,1
DA:10,1
DA:11,1
DA:12,1
DA:13,1
DA:14,1
DA:15,1
DA:16,1
DA:17,1
DA:18,1
DA:19,1
DA:20,0
DA:21,0
DA:22,0
DA:23,1
DA:24,1
DA:25,1
DA:26,1
DA:27,1
DA:28,1
DA:29,1
DA:30,2
DA:31,2
DA:32,1
DA:33,1
DA:34,2
DA:35,2
DA:36,1
DA:37,1
DA:38,2
DA:39,2
DA:40,1
DA:41,1
DA:42,2
DA:43,2
DA:44,1
DA:45,1
DA:46,1
LF:46
LH:42
BRDA:2,0,0,0
BRDA:2,1,0,0
BRDA:2,2,0,0
BRDA:2,3,0,0
BRDA:2,4,0,4
BRDA:2,5,0,0
BRDA:2,6,0,2
BRDA:2,7,0,2
BRDA:2,8,0,0
BRDA:2,9,0,20
BRDA:2,10,0,18
BRDA:2,11,0,0
BRDA:2,12,0,2
BRDA:2,13,0,6
BRDA:2,14,0,2
BRDA:29,15,0,2
BRDA:31,16,0,1
BRDA:35,17,0,1
BRDA:39,18,0,1
BRDA:41,19,0,0
BRF:20
BRH:12
end_of_record
TN:
SF:src\services\slices\orderSlice.ts
FN:33,removeModalData
FN:35,extraReducers
FNF:2
FNH:2
FNDA:1,removeModalData
FNDA:2,extraReducers
DA:1,1
DA:2,1
DA:3,1
DA:4,1
DA:5,1
DA:6,1
DA:7,1
DA:8,1
DA:9,1
DA:10,1
DA:11,1
DA:12,1
DA:13,1
DA:14,1
DA:15,1
DA:16,1
DA:17,1
DA:18,1
DA:19,1
DA:20,1
DA:21,1
DA:22,1
DA:23,0
DA:24,0
DA:25,0
DA:26,0
DA:27,1
DA:28,1
DA:29,1
DA:30,1
DA:31,1
DA:32,1
DA:33,1
DA:34,1
DA:35,1
DA:36,2
DA:37,2
DA:38,1
DA:39,1
DA:40,1
DA:41,2
DA:42,2
DA:43,1
DA:44,1
DA:45,1
DA:46,1
DA:47,2
DA:48,2
DA:49,1
DA:50,1
DA:51,1
DA:52,2
DA:53,2
DA:54,1
DA:55,1
DA:56,1
DA:57,1
DA:58,1
LF:58
LH:54
BRDA:33,0,0,1
BRDA:35,1,0,2
BRDA:37,2,0,1
BRDA:42,3,0,1
BRDA:48,4,0,1
BRDA:51,5,0,0
BRF:6
BRH:5
end_of_record
TN:
SF:src\services\slices\selectOrderSlice.ts
FN:2,i
FN:2,Generator
FN:2,GeneratorFunction
FN:2,GeneratorFunctionPrototype
FN:2,f
FN:2,_regenerator
FN:2,_regeneratorDefine2
FN:2,_regeneratorDefine
FN:2,o
FN:2,_OverloadYield
FN:2,asyncGeneratorStep
FN:2,_asyncToGenerator
FN:19,_callee
FN:29,extraReducers
FNF:14
FNH:7
FNDA:0,i
FNDA:0,Generator
FNDA:0,GeneratorFunction
FNDA:0,GeneratorFunctionPrototype
FNDA:4,f
FNDA:2,_regenerator
FNDA:2,_regeneratorDefine2
FNDA:20,_regeneratorDefine
FNDA:6,o
FNDA:0,_OverloadYield
FNDA:0,asyncGeneratorStep
FNDA:2,_asyncToGenerator
FNDA:0,_callee
FNDA:2,extraReducers
DA:1,1
DA:2,0
DA:3,1
DA:4,1
DA:5,1
DA:6,1
DA:7,1
DA:8,1
DA:9,1
DA:10,1
DA:11,1
DA:12,1
DA:13,1
DA:14,1
DA:15,1
DA:16,1
DA:17,1
DA:18,1
DA:19,2
DA:20,0
DA:21,0
DA:22,2
DA:23,1
DA:24,1
DA:25,1
DA:26,1
DA:27,1
DA:28,1
DA:29,1
DA:30,2
DA:31,2
DA:32,1
DA:33,1
DA:34,2
DA:35,2
DA:36,1
DA:37,1
DA:38,1
DA:39,2
DA:40,2
DA:41,1
DA:42,1
DA:43,2
DA:44,2
DA:45,1
DA:46,1
DA:47,1
LF:47
LH:44
BRDA:2,0,0,0
BRDA:2,1,0,0
BRDA:2,2,0,0
BRDA:2,3,0,0
BRDA:2,4,0,4
BRDA:2,5,0,0
BRDA:2,6,0,2
BRDA:2,7,0,2
BRDA:2,8,0,0
BRDA:2,9,0,20
BRDA:2,10,0,18
BRDA:2,11,0,0
BRDA:2,12,0,2
BRDA:2,13,0,6
BRDA:2,14,0,2
BRDA:18,15,0,2
BRDA:29,16,0,2
BRDA:31,17,0,1
BRDA:35,18,0,1
BRDA:40,19,0,1
BRDA:42,20,0,0
BRF:21
BRH:13
end_of_record
TN:
SF:src\services\slices\userOrdersSlice.ts
FN:2,i
FN:2,Generator
FN:2,GeneratorFunction
FN:2,GeneratorFunctionPrototype
FN:2,f
FN:2,_regenerator
FN:2,_regeneratorDefine2
FN:2,_regeneratorDefine
FN:2,o
FN:2,_OverloadYield
FN:2,asyncGeneratorStep
FN:2,_asyncToGenerator
FN:17,_callee
FN:26,extraReducers
FNF:14
FNH:7
FNDA:0,i
FNDA:0,Generator
FNDA:0,GeneratorFunction
FNDA:0,GeneratorFunctionPrototype
FNDA:4,f
FNDA:2,_regenerator
FNDA:2,_regeneratorDefine2
FNDA:20,_regeneratorDefine
FNDA:6,o
FNDA:0,_OverloadYield
FNDA:0,asyncGeneratorStep
FNDA:2,_asyncToGenerator
FNDA:0,_callee
FNDA:2,extraReducers
DA:1,1
DA:2,0
DA:3,1
DA:4,1
DA:5,1
DA:6,1
DA:7,1
DA:8,1
DA:9,1
DA:10,1
DA:11,1
DA:12,1
DA:13,1
DA:14,1
DA:15,1
DA:16,1
DA:17,1
DA:18,0
DA:19,0
DA:20,1
DA:21,1
DA:22,1
DA:23,1
DA:24,1
DA:25,1
DA:26,1
DA:27,2
DA:28,2
DA:29,1
DA:30,1
DA:31,2
DA:32,2
DA:33,1
DA:34,1
DA:35,1
DA:36,2
DA:37,2
DA:38,1
DA:39,1
DA:40,2
DA:41,2
DA:42,1
DA:43,1
DA:44,1
LF:44
LH:41
BRDA:2,0,0,0
BRDA:2,1,0,0
BRDA:2,2,0,0
BRDA:2,3,0,0
BRDA:2,4,0,4
BRDA:2,5,0,0
BRDA:2,6,0,2
BRDA:2,7,0,2
BRDA:2,8,0,0
BRDA:2,9,0,20
BRDA:2,10,0,18
BRDA:2,11,0,0
BRDA:2,12,0,2
BRDA:2,13,0,6
BRDA:2,14,0,2
BRDA:26,15,0,2
BRDA:28,16,0,1
BRDA:32,17,0,1
BRDA:37,18,0,1
BRDA:39,19,0,0
BRF:20
BRH:12
end_of_record
TN:
SF:src\services\slices\userSlice.ts
FN:2,_regeneratorDefine2
FN:2,_regeneratorDefine
FN:2,o
FN:2,_OverloadYield
FN:2,asyncGeneratorStep
FN:2,_asyncToGenerator
FN:38,_callee
FN:60,_callee2
FN:79,_callee3
FN:113,_callee4
FN:125,_callee5
FN:137,_callee6
FN:149,_callee7
FN:170,setUser
FN:175,extraReducers
FNF:15
FNH:5
FNDA:2,_regeneratorDefine2
FNDA:20,_regeneratorDefine
FNDA:6,o
FNDA:0,_OverloadYield
FNDA:0,asyncGeneratorStep
FNDA:14,_asyncToGenerator
FNDA:0,_callee
FNDA:0,_callee2
FNDA:0,_callee3
FNDA:0,_callee4
FNDA:0,_callee5
FNDA:0,_callee6
FNDA:0,_callee7
FNDA:0,setUser
FNDA:2,extraReducers
DA:1,1
DA:2,0
DA:3,1
DA:4,1
DA:5,1
DA:6,1
DA:7,1
DA:8,1
DA:9,1
DA:10,1
DA:11,1
DA:12,1
DA:13,1
DA:14,1
DA:15,1
DA:16,1
DA:17,1
DA:18,1
DA:19,1
DA:20,1
DA:21,1
DA:22,1
DA:23,1
DA:24,1
DA:25,1
DA:26,1
DA:27,1
DA:28,1
DA:29,1
DA:30,1
DA:31,1
DA:32,1
DA:33,1
DA:34,1
DA:35,1
DA:36,1
DA:37,1
DA:38,2
DA:39,0
DA:40,0
DA:41,0
DA:42,0
DA:43,0
DA:44,0
DA:45,0
DA:46,0
DA:47,0
DA:48,0
DA:49,0
DA:50,0
DA:51,0
DA:52,0
DA:53,0
DA:54,2
DA:55,2
DA:56,1
DA:57,1
DA:58,1
DA:59,1
DA:60,2
DA:61,0
DA:62,0
DA:63,0
DA:64,0
DA:65,0
DA:66,0
DA:67,0
DA:68,0
DA:69,0
DA:70,0
DA:71,0
DA:72,0
DA:73,2
DA:74,2
DA:75,1
DA:76,1
DA:77,1
DA:78,1
DA:79,2
DA:80,0
DA:81,0
DA:82,0
DA:83,0
DA:84,0
DA:85,0
DA:86,0
DA:87,0
DA:88,0
DA:89,0
DA:90,0
DA:91,0
DA:92,0
DA:93,0
DA:94,0
DA:95,0
DA:96,0
DA:97,0
DA:98,0
DA:99,0
DA:100,0
DA:101,0
DA:102,0
DA:103,0
DA:104,0
DA:105,0
DA:106,0
DA:107,2
DA:108,2
DA:109,1
DA:110,1
DA:111,1
DA:112,1
DA:113,2
DA:114,0
DA:115,0
DA:116,0
DA:117,0
DA:118,0
DA:119,2
DA:120,2
DA:121,1
DA:122,1
DA:123,1
DA:124,1
DA:125,2
DA:126,0
DA:127,0
DA:128,0
DA:129,0
DA:130,0
DA:131,2
DA:132,2
DA:133,1
DA:134,1
DA:135,1
DA:136,1
DA:137,2
DA:138,0
DA:139,0
DA:140,0
DA:141,0
DA:142,0
DA:143,2
DA:144,2
DA:145,1
DA:146,1
DA:147,1
DA:148,1
DA:149,2
DA:150,0
DA:151,0
DA:152,0
DA:153,0
DA:154,0
DA:155,0
DA:156,0
DA:157,0
DA:158,0
DA:159,0
DA:160,0
DA:161,0
DA:162,2
DA:163,2
DA:164,1
DA:165,1
DA:166,1
DA:167,1
DA:168,1
DA:169,1
DA:170,1
DA:171,0
DA:172,0
DA:173,0
DA:174,1
DA:175,1
DA:176,2
DA:177,2
DA:178,2
DA:179,2
DA:180,2
DA:181,0
DA:182,0
DA:183,0
DA:184,2
DA:185,2
DA:186,1
DA:187,1
DA:188,1
DA:189,1
DA:190,1
DA:191,2
DA:192,2
DA:193,1
DA:194,1
DA:195,1
DA:196,1
DA:197,2
DA:198,2
DA:199,2
DA:200,2
DA:201,2
DA:202,0
DA:203,0
DA:204,0
DA:205,2
DA:206,2
DA:207,1
DA:208,1
DA:209,1
DA:210,1
DA:211,1
DA:212,2
DA:213,2
DA:214,1
DA:215,1
DA:216,1
DA:217,1
DA:218,2
DA:219,2
DA:220,2
DA:221,2
DA:222,2
DA:223,0
DA:224,0
DA:225,2
DA:226,2
DA:227,1
DA:228,1
DA:229,2
DA:230,2
DA:231,0
DA:232,0
DA:233,2
DA:234,2
DA:235,2
DA:236,2
DA:237,2
DA:238,0
DA:239,0
DA:240,2
DA:241,2
DA:242,1
DA:243,1
DA:244,1
DA:245,2
DA:246,2
DA:247,0
DA:248,0
DA:249,2
DA:250,2
DA:251,2
DA:252,2
DA:253,2
DA:254,0
DA:255,0
DA:256,2
DA:257,2
DA:258,1
DA:259,1
DA:260,1
DA:261,1
DA:262,1
DA:263,2
DA:264,2
DA:265,1
DA:266,1
DA:267,1
DA:268,1
DA:269,2
DA:270,2
DA:271,2
DA:272,2
DA:273,2
DA:274,0
DA:275,0
DA:276,2
DA:277,2
DA:278,1
DA:279,1
DA:280,1
DA:281,2
DA:282,2
DA:283,0
DA:284,0
DA:285,2
DA:286,2
DA:287,2
DA:288,2
DA:289,0
DA:290,0
DA:291,2
DA:292,2
DA:293,1
DA:294,1
DA:295,1
DA:296,1
DA:297,1
DA:298,1
DA:299,2
DA:300,2
DA:301,1
DA:302,1
DA:303,2
DA:304,2
DA:305,1
DA:306,1
DA:307,1
LF:307
LH:200
BRDA:2,0,0,2
BRDA:2,1,0,0
BRDA:2,2,0,20
BRDA:2,3,0,18
BRDA:2,4,0,0
BRDA:2,5,0,2
BRDA:2,6,0,6
BRDA:2,7,0,14
BRDA:37,8,0,2
BRDA:59,9,0,2
BRDA:78,10,0,2
BRDA:112,11,0,2
BRDA:124,12,0,2
BRDA:136,13,0,2
BRDA:148,14,0,2
BRDA:175,15,0,2
BRDA:185,16,0,1
BRDA:192,17,0,1
BRDA:206,18,0,1
BRDA:213,19,0,1
BRDA:226,20,0,1
BRDA:241,21,0,1
BRDA:257,22,0,1
BRDA:264,23,0,1
BRDA:277,24,0,1
BRDA:292,25,0,1
BRDA:300,26,0,1
BRF:27
BRH:25
end_of_record
TN:
SF:src\utils\burger-api.ts
FN:2,_regenerator
FN:2,i
FN:2,Generator
FN:2,GeneratorFunction
FN:2,GeneratorFunctionPrototype
FN:2,f
FN:2,_regenerator
FN:2,_regeneratorDefine2
FN:2,_regeneratorDefine
FN:2,o
FN:2,_OverloadYield
FN:2,asyncGeneratorStep
FN:2,_asyncToGenerator
FN:6,checkResponse
FN:18,refreshToken
FN:38,_callee
FN:74,getIngredientsApi
FN:82,getFeedsApi
FN:90,getOrdersApi
FN:107,orderBurgerApi
FN:126,getOrderByNumberApi
FN:146,registerUserApi
FN:165,loginUserApi
FN:179,forgotPasswordApi
FN:193,resetPasswordApi
FN:209,getUserApi
FN:216,updateUserApi
FN:226,logoutApi
FNF:28
FNH:7
FNDA:1,_regenerator
FNDA:0,i
FNDA:0,Generator
FNDA:0,GeneratorFunction
FNDA:0,GeneratorFunctionPrototype
FNDA:2,f
FNDA:1,_regenerator
FNDA:1,_regeneratorDefine2
FNDA:10,_regeneratorDefine
FNDA:3,o
FNDA:0,_OverloadYield
FNDA:0,asyncGeneratorStep
FNDA:1,_asyncToGenerator
FNDA:0,checkResponse
FNDA:0,refreshToken
FNDA:0,_callee
FNDA:0,getIngredientsApi
FNDA:0,getFeedsApi
FNDA:0,getOrdersApi
FNDA:0,orderBurgerApi
FNDA:0,getOrderByNumberApi
FNDA:0,registerUserApi
FNDA:0,loginUserApi
FNDA:0,forgotPasswordApi
FNDA:0,resetPasswordApi
FNDA:0,getUserApi
FNDA:0,updateUserApi
FNDA:0,logoutApi
DA:1,1
DA:2,0
DA:3,1
DA:4,1
DA:5,1
DA:6,1
DA:7,0
DA:8,1
DA:9,1
DA:10,1
DA:11,1
DA:12,1
DA:13,1
DA:14,1
DA:15,1
DA:16,1
DA:17,1
DA:18,1
DA:19,0
DA:20,0
DA:21,0
DA:22,0
DA:23,0
DA:24,0
DA:25,0
DA:26,0
DA:27,0
DA:28,0
DA:29,0
DA:30,0
DA:31,0
DA:32,0
DA:33,0
DA:34,0
DA:35,0
DA:36,0
DA:37,1
DA:38,1
DA:39,0
DA:40,0
DA:41,0
DA:42,0
DA:43,0
DA:44,0
DA:45,0
DA:46,0
DA:47,0
DA:48,0
DA:49,0
DA:50,0
DA:51,0
DA:52,0
DA:53,0
DA:54,0
DA:55,0
DA:56,1
DA:57,1
DA:58,1
DA:59,1
DA:60,1
DA:61,1
DA:62,1
DA:63,1
DA:64,1
DA:65,1
DA:66,1
DA:67,1
DA:68,1
DA:69,1
DA:70,1
DA:71,1
DA:72,1
DA:73,1
DA:74,1
DA:75,0
DA:76,0
DA:77,0
DA:78,0
DA:79,0
DA:80,0
DA:81,1
DA:82,1
DA:83,0
DA:84,0
DA:85,0
DA:86,0
DA:87,0
DA:88,0
DA:89,1
DA:90,1
DA:91,0
DA:92,0
DA:93,0
DA:94,0
DA:95,0
DA:96,0
DA:97,0
DA:98,0
DA:99,0
DA:100,0
DA:101,1
DA:102,1
DA:103,1
DA:104,1
DA:105,1
DA:106,1
DA:107,1
DA:108,0
DA:109,0
DA:110,0
DA:111,0
DA:112,0
DA:113,0
DA:114,0
DA:115,0
DA:116,0
DA:117,0
DA:118,0
DA:119,0
DA:120,0
DA:121,1
DA:122,1
DA:123,1
DA:124,1
DA:125,1
DA:126,1
DA:127,0
DA:128,0
DA:129,0
DA:130,0
DA:131,0
DA:132,0
DA:133,1
DA:134,1
DA:135,1
DA:136,1
DA:137,1
DA:138,1
DA:139,1
DA:140,1
DA:141,1
DA:142,1
DA:143,1
DA:144,1
DA:145,1
DA:146,1
DA:147,0
DA:148,0
DA:149,0
DA:150,0
DA:151,0
DA:152,0
DA:153,0
DA:154,0
DA:155,0
DA:156,0
DA:157,0
DA:158,0
DA:159,1
DA:160,1
DA:161,1
DA:162,1
DA:163,1
DA:164,1
DA:165,1
DA:166,0
DA:167,0
DA:168,0
DA:169,0
DA:170,0
DA:171,0
DA:172,0
DA:173,0
DA:174,0
DA:175,0
DA:176,0
DA:177,0
DA:178,1
DA:179,1
DA:180,0
DA:181,0
DA:182,0
DA:183,0
DA:184,0
DA:185,0
DA:186,0
DA:187,0
DA:188,0
DA:189,0
DA:190,0
DA:191,0
DA:192,1
DA:193,1
DA:194,0
DA:195,0
DA:196,0
DA:197,0
DA:198,0
DA:199,0
DA:200,0
DA:201,0
DA:202,0
DA:203,0
DA:204,0
DA:205,0
DA:206,1
DA:207,1
DA:208,1
DA:209,1
DA:210,0
DA:211,0
DA:212,0
DA:213,0
DA:214,0
DA:215,1
DA:216,1
DA:217,0
DA:218,0
DA:219,0
DA:220,0
DA:221,0
DA:222,0
DA:223,0
DA:224,0
DA:225,1
DA:226,1
DA:227,0
DA:228,0
DA:229,0
DA:230,0
DA:231,0
DA:232,0
DA:233,0
DA:234,0
DA:235,0
LF:235
LH:87
BRDA:2,0,0,1
BRDA:2,1,0,0
BRDA:2,2,0,0
BRDA:2,3,0,0
BRDA:2,4,0,0
BRDA:2,5,0,2
BRDA:2,6,0,0
BRDA:2,7,0,1
BRDA:2,8,0,1
BRDA:2,9,0,0
BRDA:2,10,0,10
BRDA:2,11,0,9
BRDA:2,12,0,0
BRDA:2,13,0,1
BRDA:2,14,0,3
BRDA:2,15,0,1
BRDA:38,16,0,1
BRF:17
BRH:10
end_of_record
TN:
SF:src\utils\cookie.ts
FN:1,getCookie
FN:13,setCookie
FN:45,deleteCookie
FNF:3
FNH:0
FNDA:0,getCookie
FNDA:0,setCookie
FNDA:0,deleteCookie
DA:1,1
DA:2,0
DA:3,0
DA:4,0
DA:5,0
DA:6,0
DA:7,0
DA:8,0
DA:9,0
DA:10,0
DA:11,0
DA:12,1
DA:13,1
DA:14,0
DA:15,0
DA:16,0
DA:17,0
DA:18,0
DA:19,0
DA:20,0
DA:21,0
DA:22,0
DA:23,0
DA:24,0
DA:25,0
DA:26,0
DA:27,0
DA:28,0
DA:29,0
DA:30,0
DA:31,0
DA:32,0
DA:33,0
DA:34,0
DA:35,0
DA:36,0
DA:37,0
DA:38,0
DA:39,0
DA:40,0
DA:41,0
DA:42,0
DA:43,0
DA:44,1
DA:45,1
DA:46,0
DA:47,0
LF:47
LH:5
BRF:0
BRH:0
end_of_record
